08:28:50,417 (main) INFO  [DataNucleus.Enhancer] - DataNucleus Enhancer (version 5.0.0.m1-SNAPSHOT) for API "JDO"
08:28:50,608 (main) ERROR [DataNucleus.MetaData] - Class "org.datanucleus.scala.test.option.OptionAttachDetachSpec" was not found in the CLASSPATH. Please check your specification and your CLASSPATH.
org.datanucleus.exceptions.ClassNotResolvedException: Class "org.datanucleus.scala.test.option.OptionAttachDetachSpec" was not found in the CLASSPATH. Please check your specification and your CLASSPATH.
	at org.datanucleus.ClassLoaderResolverImpl.classForName(ClassLoaderResolverImpl.java:213)
	at org.datanucleus.ClassLoaderResolverImpl.classForName(ClassLoaderResolverImpl.java:372)
	at org.datanucleus.metadata.MetaDataManagerImpl.loadPersistenceUnit(MetaDataManagerImpl.java:1116)
	at org.datanucleus.enhancer.DataNucleusEnhancer.getFileMetadataForInput(DataNucleusEnhancer.java:782)
	at org.datanucleus.enhancer.DataNucleusEnhancer.enhance(DataNucleusEnhancer.java:500)
	at org.datanucleus.enhancer.DataNucleusEnhancer.main(DataNucleusEnhancer.java:1152)
	at sun.reflect.NativeMethodAccessorImpl.invoke0(Native Method)
	at sun.reflect.NativeMethodAccessorImpl.invoke(NativeMethodAccessorImpl.java:62)
	at sun.reflect.DelegatingMethodAccessorImpl.invoke(DelegatingMethodAccessorImpl.java:43)
	at java.lang.reflect.Method.invoke(Method.java:497)
	at org.datanucleus.maven.AbstractDataNucleusMojo.executeInJvm(AbstractDataNucleusMojo.java:331)
	at org.datanucleus.maven.AbstractEnhancerMojo.enhance(AbstractEnhancerMojo.java:281)
	at org.datanucleus.maven.AbstractEnhancerMojo.executeDataNucleusTool(AbstractEnhancerMojo.java:81)
	at org.datanucleus.maven.AbstractDataNucleusMojo.execute(AbstractDataNucleusMojo.java:125)
	at org.apache.maven.plugin.DefaultBuildPluginManager.executeMojo(DefaultBuildPluginManager.java:134)
	at org.apache.maven.lifecycle.internal.MojoExecutor.execute(MojoExecutor.java:207)
	at org.apache.maven.lifecycle.internal.MojoExecutor.execute(MojoExecutor.java:153)
	at org.apache.maven.lifecycle.internal.MojoExecutor.execute(MojoExecutor.java:145)
	at org.apache.maven.lifecycle.internal.LifecycleModuleBuilder.buildProject(LifecycleModuleBuilder.java:116)
	at org.apache.maven.lifecycle.internal.LifecycleModuleBuilder.buildProject(LifecycleModuleBuilder.java:80)
	at org.apache.maven.lifecycle.internal.builder.singlethreaded.SingleThreadedBuilder.build(SingleThreadedBuilder.java:51)
	at org.apache.maven.lifecycle.internal.LifecycleStarter.execute(LifecycleStarter.java:128)
	at org.apache.maven.DefaultMaven.doExecute(DefaultMaven.java:307)
	at org.apache.maven.DefaultMaven.doExecute(DefaultMaven.java:193)
	at org.apache.maven.DefaultMaven.execute(DefaultMaven.java:106)
	at org.apache.maven.cli.MavenCli.execute(MavenCli.java:863)
	at org.apache.maven.cli.MavenCli.doMain(MavenCli.java:288)
	at org.apache.maven.cli.MavenCli.main(MavenCli.java:199)
	at sun.reflect.NativeMethodAccessorImpl.invoke0(Native Method)
	at sun.reflect.NativeMethodAccessorImpl.invoke(NativeMethodAccessorImpl.java:62)
	at sun.reflect.DelegatingMethodAccessorImpl.invoke(DelegatingMethodAccessorImpl.java:43)
	at java.lang.reflect.Method.invoke(Method.java:497)
	at org.codehaus.plexus.classworlds.launcher.Launcher.launchEnhanced(Launcher.java:289)
	at org.codehaus.plexus.classworlds.launcher.Launcher.launch(Launcher.java:229)
	at org.codehaus.plexus.classworlds.launcher.Launcher.mainWithExitCode(Launcher.java:415)
	at org.codehaus.plexus.classworlds.launcher.Launcher.main(Launcher.java:356)

08:28:50,609 (main) ERROR [DataNucleus.MetaData] - Class "org.datanucleus.scala.test.TypesSpec" was not found in the CLASSPATH. Please check your specification and your CLASSPATH.
org.datanucleus.exceptions.ClassNotResolvedException: Class "org.datanucleus.scala.test.TypesSpec" was not found in the CLASSPATH. Please check your specification and your CLASSPATH.
	at org.datanucleus.ClassLoaderResolverImpl.classForName(ClassLoaderResolverImpl.java:213)
	at org.datanucleus.ClassLoaderResolverImpl.classForName(ClassLoaderResolverImpl.java:372)
	at org.datanucleus.metadata.MetaDataManagerImpl.loadPersistenceUnit(MetaDataManagerImpl.java:1116)
	at org.datanucleus.enhancer.DataNucleusEnhancer.getFileMetadataForInput(DataNucleusEnhancer.java:782)
	at org.datanucleus.enhancer.DataNucleusEnhancer.enhance(DataNucleusEnhancer.java:500)
	at org.datanucleus.enhancer.DataNucleusEnhancer.main(DataNucleusEnhancer.java:1152)
	at sun.reflect.NativeMethodAccessorImpl.invoke0(Native Method)
	at sun.reflect.NativeMethodAccessorImpl.invoke(NativeMethodAccessorImpl.java:62)
	at sun.reflect.DelegatingMethodAccessorImpl.invoke(DelegatingMethodAccessorImpl.java:43)
	at java.lang.reflect.Method.invoke(Method.java:497)
	at org.datanucleus.maven.AbstractDataNucleusMojo.executeInJvm(AbstractDataNucleusMojo.java:331)
	at org.datanucleus.maven.AbstractEnhancerMojo.enhance(AbstractEnhancerMojo.java:281)
	at org.datanucleus.maven.AbstractEnhancerMojo.executeDataNucleusTool(AbstractEnhancerMojo.java:81)
	at org.datanucleus.maven.AbstractDataNucleusMojo.execute(AbstractDataNucleusMojo.java:125)
	at org.apache.maven.plugin.DefaultBuildPluginManager.executeMojo(DefaultBuildPluginManager.java:134)
	at org.apache.maven.lifecycle.internal.MojoExecutor.execute(MojoExecutor.java:207)
	at org.apache.maven.lifecycle.internal.MojoExecutor.execute(MojoExecutor.java:153)
	at org.apache.maven.lifecycle.internal.MojoExecutor.execute(MojoExecutor.java:145)
	at org.apache.maven.lifecycle.internal.LifecycleModuleBuilder.buildProject(LifecycleModuleBuilder.java:116)
	at org.apache.maven.lifecycle.internal.LifecycleModuleBuilder.buildProject(LifecycleModuleBuilder.java:80)
	at org.apache.maven.lifecycle.internal.builder.singlethreaded.SingleThreadedBuilder.build(SingleThreadedBuilder.java:51)
	at org.apache.maven.lifecycle.internal.LifecycleStarter.execute(LifecycleStarter.java:128)
	at org.apache.maven.DefaultMaven.doExecute(DefaultMaven.java:307)
	at org.apache.maven.DefaultMaven.doExecute(DefaultMaven.java:193)
	at org.apache.maven.DefaultMaven.execute(DefaultMaven.java:106)
	at org.apache.maven.cli.MavenCli.execute(MavenCli.java:863)
	at org.apache.maven.cli.MavenCli.doMain(MavenCli.java:288)
	at org.apache.maven.cli.MavenCli.main(MavenCli.java:199)
	at sun.reflect.NativeMethodAccessorImpl.invoke0(Native Method)
	at sun.reflect.NativeMethodAccessorImpl.invoke(NativeMethodAccessorImpl.java:62)
	at sun.reflect.DelegatingMethodAccessorImpl.invoke(DelegatingMethodAccessorImpl.java:43)
	at java.lang.reflect.Method.invoke(Method.java:497)
	at org.codehaus.plexus.classworlds.launcher.Launcher.launchEnhanced(Launcher.java:289)
	at org.codehaus.plexus.classworlds.launcher.Launcher.launch(Launcher.java:229)
	at org.codehaus.plexus.classworlds.launcher.Launcher.mainWithExitCode(Launcher.java:415)
	at org.codehaus.plexus.classworlds.launcher.Launcher.main(Launcher.java:356)

08:28:50,621 (main) ERROR [DataNucleus.MetaData] - Class "org.datanucleus.scala.test.option.OptionBidirectionalSpec" was not found in the CLASSPATH. Please check your specification and your CLASSPATH.
org.datanucleus.exceptions.ClassNotResolvedException: Class "org.datanucleus.scala.test.option.OptionBidirectionalSpec" was not found in the CLASSPATH. Please check your specification and your CLASSPATH.
	at org.datanucleus.ClassLoaderResolverImpl.classForName(ClassLoaderResolverImpl.java:213)
	at org.datanucleus.ClassLoaderResolverImpl.classForName(ClassLoaderResolverImpl.java:372)
	at org.datanucleus.metadata.MetaDataManagerImpl.loadPersistenceUnit(MetaDataManagerImpl.java:1116)
	at org.datanucleus.enhancer.DataNucleusEnhancer.getFileMetadataForInput(DataNucleusEnhancer.java:782)
	at org.datanucleus.enhancer.DataNucleusEnhancer.enhance(DataNucleusEnhancer.java:500)
	at org.datanucleus.enhancer.DataNucleusEnhancer.main(DataNucleusEnhancer.java:1152)
	at sun.reflect.NativeMethodAccessorImpl.invoke0(Native Method)
	at sun.reflect.NativeMethodAccessorImpl.invoke(NativeMethodAccessorImpl.java:62)
	at sun.reflect.DelegatingMethodAccessorImpl.invoke(DelegatingMethodAccessorImpl.java:43)
	at java.lang.reflect.Method.invoke(Method.java:497)
	at org.datanucleus.maven.AbstractDataNucleusMojo.executeInJvm(AbstractDataNucleusMojo.java:331)
	at org.datanucleus.maven.AbstractEnhancerMojo.enhance(AbstractEnhancerMojo.java:281)
	at org.datanucleus.maven.AbstractEnhancerMojo.executeDataNucleusTool(AbstractEnhancerMojo.java:81)
	at org.datanucleus.maven.AbstractDataNucleusMojo.execute(AbstractDataNucleusMojo.java:125)
	at org.apache.maven.plugin.DefaultBuildPluginManager.executeMojo(DefaultBuildPluginManager.java:134)
	at org.apache.maven.lifecycle.internal.MojoExecutor.execute(MojoExecutor.java:207)
	at org.apache.maven.lifecycle.internal.MojoExecutor.execute(MojoExecutor.java:153)
	at org.apache.maven.lifecycle.internal.MojoExecutor.execute(MojoExecutor.java:145)
	at org.apache.maven.lifecycle.internal.LifecycleModuleBuilder.buildProject(LifecycleModuleBuilder.java:116)
	at org.apache.maven.lifecycle.internal.LifecycleModuleBuilder.buildProject(LifecycleModuleBuilder.java:80)
	at org.apache.maven.lifecycle.internal.builder.singlethreaded.SingleThreadedBuilder.build(SingleThreadedBuilder.java:51)
	at org.apache.maven.lifecycle.internal.LifecycleStarter.execute(LifecycleStarter.java:128)
	at org.apache.maven.DefaultMaven.doExecute(DefaultMaven.java:307)
	at org.apache.maven.DefaultMaven.doExecute(DefaultMaven.java:193)
	at org.apache.maven.DefaultMaven.execute(DefaultMaven.java:106)
	at org.apache.maven.cli.MavenCli.execute(MavenCli.java:863)
	at org.apache.maven.cli.MavenCli.doMain(MavenCli.java:288)
	at org.apache.maven.cli.MavenCli.main(MavenCli.java:199)
	at sun.reflect.NativeMethodAccessorImpl.invoke0(Native Method)
	at sun.reflect.NativeMethodAccessorImpl.invoke(NativeMethodAccessorImpl.java:62)
	at sun.reflect.DelegatingMethodAccessorImpl.invoke(DelegatingMethodAccessorImpl.java:43)
	at java.lang.reflect.Method.invoke(Method.java:497)
	at org.codehaus.plexus.classworlds.launcher.Launcher.launchEnhanced(Launcher.java:289)
	at org.codehaus.plexus.classworlds.launcher.Launcher.launch(Launcher.java:229)
	at org.codehaus.plexus.classworlds.launcher.Launcher.mainWithExitCode(Launcher.java:415)
	at org.codehaus.plexus.classworlds.launcher.Launcher.main(Launcher.java:356)

08:28:50,629 (main) ERROR [DataNucleus.MetaData] - Class "org.datanucleus.scala.test.BaseSpec" was not found in the CLASSPATH. Please check your specification and your CLASSPATH.
org.datanucleus.exceptions.ClassNotResolvedException: Class "org.datanucleus.scala.test.BaseSpec" was not found in the CLASSPATH. Please check your specification and your CLASSPATH.
	at org.datanucleus.ClassLoaderResolverImpl.classForName(ClassLoaderResolverImpl.java:213)
	at org.datanucleus.ClassLoaderResolverImpl.classForName(ClassLoaderResolverImpl.java:372)
	at org.datanucleus.metadata.MetaDataManagerImpl.loadPersistenceUnit(MetaDataManagerImpl.java:1116)
	at org.datanucleus.enhancer.DataNucleusEnhancer.getFileMetadataForInput(DataNucleusEnhancer.java:782)
	at org.datanucleus.enhancer.DataNucleusEnhancer.enhance(DataNucleusEnhancer.java:500)
	at org.datanucleus.enhancer.DataNucleusEnhancer.main(DataNucleusEnhancer.java:1152)
	at sun.reflect.NativeMethodAccessorImpl.invoke0(Native Method)
	at sun.reflect.NativeMethodAccessorImpl.invoke(NativeMethodAccessorImpl.java:62)
	at sun.reflect.DelegatingMethodAccessorImpl.invoke(DelegatingMethodAccessorImpl.java:43)
	at java.lang.reflect.Method.invoke(Method.java:497)
	at org.datanucleus.maven.AbstractDataNucleusMojo.executeInJvm(AbstractDataNucleusMojo.java:331)
	at org.datanucleus.maven.AbstractEnhancerMojo.enhance(AbstractEnhancerMojo.java:281)
	at org.datanucleus.maven.AbstractEnhancerMojo.executeDataNucleusTool(AbstractEnhancerMojo.java:81)
	at org.datanucleus.maven.AbstractDataNucleusMojo.execute(AbstractDataNucleusMojo.java:125)
	at org.apache.maven.plugin.DefaultBuildPluginManager.executeMojo(DefaultBuildPluginManager.java:134)
	at org.apache.maven.lifecycle.internal.MojoExecutor.execute(MojoExecutor.java:207)
	at org.apache.maven.lifecycle.internal.MojoExecutor.execute(MojoExecutor.java:153)
	at org.apache.maven.lifecycle.internal.MojoExecutor.execute(MojoExecutor.java:145)
	at org.apache.maven.lifecycle.internal.LifecycleModuleBuilder.buildProject(LifecycleModuleBuilder.java:116)
	at org.apache.maven.lifecycle.internal.LifecycleModuleBuilder.buildProject(LifecycleModuleBuilder.java:80)
	at org.apache.maven.lifecycle.internal.builder.singlethreaded.SingleThreadedBuilder.build(SingleThreadedBuilder.java:51)
	at org.apache.maven.lifecycle.internal.LifecycleStarter.execute(LifecycleStarter.java:128)
	at org.apache.maven.DefaultMaven.doExecute(DefaultMaven.java:307)
	at org.apache.maven.DefaultMaven.doExecute(DefaultMaven.java:193)
	at org.apache.maven.DefaultMaven.execute(DefaultMaven.java:106)
	at org.apache.maven.cli.MavenCli.execute(MavenCli.java:863)
	at org.apache.maven.cli.MavenCli.doMain(MavenCli.java:288)
	at org.apache.maven.cli.MavenCli.main(MavenCli.java:199)
	at sun.reflect.NativeMethodAccessorImpl.invoke0(Native Method)
	at sun.reflect.NativeMethodAccessorImpl.invoke(NativeMethodAccessorImpl.java:62)
	at sun.reflect.DelegatingMethodAccessorImpl.invoke(DelegatingMethodAccessorImpl.java:43)
	at java.lang.reflect.Method.invoke(Method.java:497)
	at org.codehaus.plexus.classworlds.launcher.Launcher.launchEnhanced(Launcher.java:289)
	at org.codehaus.plexus.classworlds.launcher.Launcher.launch(Launcher.java:229)
	at org.codehaus.plexus.classworlds.launcher.Launcher.mainWithExitCode(Launcher.java:415)
	at org.codehaus.plexus.classworlds.launcher.Launcher.main(Launcher.java:356)

08:28:50,632 (main) ERROR [DataNucleus.MetaData] - Class "org.datanucleus.scala.test.option.OptionSecondLevelCacheSpec" was not found in the CLASSPATH. Please check your specification and your CLASSPATH.
org.datanucleus.exceptions.ClassNotResolvedException: Class "org.datanucleus.scala.test.option.OptionSecondLevelCacheSpec" was not found in the CLASSPATH. Please check your specification and your CLASSPATH.
	at org.datanucleus.ClassLoaderResolverImpl.classForName(ClassLoaderResolverImpl.java:213)
	at org.datanucleus.ClassLoaderResolverImpl.classForName(ClassLoaderResolverImpl.java:372)
	at org.datanucleus.metadata.MetaDataManagerImpl.loadPersistenceUnit(MetaDataManagerImpl.java:1116)
	at org.datanucleus.enhancer.DataNucleusEnhancer.getFileMetadataForInput(DataNucleusEnhancer.java:782)
	at org.datanucleus.enhancer.DataNucleusEnhancer.enhance(DataNucleusEnhancer.java:500)
	at org.datanucleus.enhancer.DataNucleusEnhancer.main(DataNucleusEnhancer.java:1152)
	at sun.reflect.NativeMethodAccessorImpl.invoke0(Native Method)
	at sun.reflect.NativeMethodAccessorImpl.invoke(NativeMethodAccessorImpl.java:62)
	at sun.reflect.DelegatingMethodAccessorImpl.invoke(DelegatingMethodAccessorImpl.java:43)
	at java.lang.reflect.Method.invoke(Method.java:497)
	at org.datanucleus.maven.AbstractDataNucleusMojo.executeInJvm(AbstractDataNucleusMojo.java:331)
	at org.datanucleus.maven.AbstractEnhancerMojo.enhance(AbstractEnhancerMojo.java:281)
	at org.datanucleus.maven.AbstractEnhancerMojo.executeDataNucleusTool(AbstractEnhancerMojo.java:81)
	at org.datanucleus.maven.AbstractDataNucleusMojo.execute(AbstractDataNucleusMojo.java:125)
	at org.apache.maven.plugin.DefaultBuildPluginManager.executeMojo(DefaultBuildPluginManager.java:134)
	at org.apache.maven.lifecycle.internal.MojoExecutor.execute(MojoExecutor.java:207)
	at org.apache.maven.lifecycle.internal.MojoExecutor.execute(MojoExecutor.java:153)
	at org.apache.maven.lifecycle.internal.MojoExecutor.execute(MojoExecutor.java:145)
	at org.apache.maven.lifecycle.internal.LifecycleModuleBuilder.buildProject(LifecycleModuleBuilder.java:116)
	at org.apache.maven.lifecycle.internal.LifecycleModuleBuilder.buildProject(LifecycleModuleBuilder.java:80)
	at org.apache.maven.lifecycle.internal.builder.singlethreaded.SingleThreadedBuilder.build(SingleThreadedBuilder.java:51)
	at org.apache.maven.lifecycle.internal.LifecycleStarter.execute(LifecycleStarter.java:128)
	at org.apache.maven.DefaultMaven.doExecute(DefaultMaven.java:307)
	at org.apache.maven.DefaultMaven.doExecute(DefaultMaven.java:193)
	at org.apache.maven.DefaultMaven.execute(DefaultMaven.java:106)
	at org.apache.maven.cli.MavenCli.execute(MavenCli.java:863)
	at org.apache.maven.cli.MavenCli.doMain(MavenCli.java:288)
	at org.apache.maven.cli.MavenCli.main(MavenCli.java:199)
	at sun.reflect.NativeMethodAccessorImpl.invoke0(Native Method)
	at sun.reflect.NativeMethodAccessorImpl.invoke(NativeMethodAccessorImpl.java:62)
	at sun.reflect.DelegatingMethodAccessorImpl.invoke(DelegatingMethodAccessorImpl.java:43)
	at java.lang.reflect.Method.invoke(Method.java:497)
	at org.codehaus.plexus.classworlds.launcher.Launcher.launchEnhanced(Launcher.java:289)
	at org.codehaus.plexus.classworlds.launcher.Launcher.launch(Launcher.java:229)
	at org.codehaus.plexus.classworlds.launcher.Launcher.mainWithExitCode(Launcher.java:415)
	at org.codehaus.plexus.classworlds.launcher.Launcher.main(Launcher.java:356)

08:28:50,634 (main) ERROR [DataNucleus.MetaData] - Class "org.datanucleus.scala.test.option.OptionSpec" was not found in the CLASSPATH. Please check your specification and your CLASSPATH.
org.datanucleus.exceptions.ClassNotResolvedException: Class "org.datanucleus.scala.test.option.OptionSpec" was not found in the CLASSPATH. Please check your specification and your CLASSPATH.
	at org.datanucleus.ClassLoaderResolverImpl.classForName(ClassLoaderResolverImpl.java:213)
	at org.datanucleus.ClassLoaderResolverImpl.classForName(ClassLoaderResolverImpl.java:372)
	at org.datanucleus.metadata.MetaDataManagerImpl.loadPersistenceUnit(MetaDataManagerImpl.java:1116)
	at org.datanucleus.enhancer.DataNucleusEnhancer.getFileMetadataForInput(DataNucleusEnhancer.java:782)
	at org.datanucleus.enhancer.DataNucleusEnhancer.enhance(DataNucleusEnhancer.java:500)
	at org.datanucleus.enhancer.DataNucleusEnhancer.main(DataNucleusEnhancer.java:1152)
	at sun.reflect.NativeMethodAccessorImpl.invoke0(Native Method)
	at sun.reflect.NativeMethodAccessorImpl.invoke(NativeMethodAccessorImpl.java:62)
	at sun.reflect.DelegatingMethodAccessorImpl.invoke(DelegatingMethodAccessorImpl.java:43)
	at java.lang.reflect.Method.invoke(Method.java:497)
	at org.datanucleus.maven.AbstractDataNucleusMojo.executeInJvm(AbstractDataNucleusMojo.java:331)
	at org.datanucleus.maven.AbstractEnhancerMojo.enhance(AbstractEnhancerMojo.java:281)
	at org.datanucleus.maven.AbstractEnhancerMojo.executeDataNucleusTool(AbstractEnhancerMojo.java:81)
	at org.datanucleus.maven.AbstractDataNucleusMojo.execute(AbstractDataNucleusMojo.java:125)
	at org.apache.maven.plugin.DefaultBuildPluginManager.executeMojo(DefaultBuildPluginManager.java:134)
	at org.apache.maven.lifecycle.internal.MojoExecutor.execute(MojoExecutor.java:207)
	at org.apache.maven.lifecycle.internal.MojoExecutor.execute(MojoExecutor.java:153)
	at org.apache.maven.lifecycle.internal.MojoExecutor.execute(MojoExecutor.java:145)
	at org.apache.maven.lifecycle.internal.LifecycleModuleBuilder.buildProject(LifecycleModuleBuilder.java:116)
	at org.apache.maven.lifecycle.internal.LifecycleModuleBuilder.buildProject(LifecycleModuleBuilder.java:80)
	at org.apache.maven.lifecycle.internal.builder.singlethreaded.SingleThreadedBuilder.build(SingleThreadedBuilder.java:51)
	at org.apache.maven.lifecycle.internal.LifecycleStarter.execute(LifecycleStarter.java:128)
	at org.apache.maven.DefaultMaven.doExecute(DefaultMaven.java:307)
	at org.apache.maven.DefaultMaven.doExecute(DefaultMaven.java:193)
	at org.apache.maven.DefaultMaven.execute(DefaultMaven.java:106)
	at org.apache.maven.cli.MavenCli.execute(MavenCli.java:863)
	at org.apache.maven.cli.MavenCli.doMain(MavenCli.java:288)
	at org.apache.maven.cli.MavenCli.main(MavenCli.java:199)
	at sun.reflect.NativeMethodAccessorImpl.invoke0(Native Method)
	at sun.reflect.NativeMethodAccessorImpl.invoke(NativeMethodAccessorImpl.java:62)
	at sun.reflect.DelegatingMethodAccessorImpl.invoke(DelegatingMethodAccessorImpl.java:43)
	at java.lang.reflect.Method.invoke(Method.java:497)
	at org.codehaus.plexus.classworlds.launcher.Launcher.launchEnhanced(Launcher.java:289)
	at org.codehaus.plexus.classworlds.launcher.Launcher.launch(Launcher.java:229)
	at org.codehaus.plexus.classworlds.launcher.Launcher.mainWithExitCode(Launcher.java:415)
	at org.codehaus.plexus.classworlds.launcher.Launcher.main(Launcher.java:356)

08:28:50,635 (main) ERROR [DataNucleus.MetaData] - Class "org.datanucleus.scala.test.caseclass.CaseSpec" was not found in the CLASSPATH. Please check your specification and your CLASSPATH.
org.datanucleus.exceptions.ClassNotResolvedException: Class "org.datanucleus.scala.test.caseclass.CaseSpec" was not found in the CLASSPATH. Please check your specification and your CLASSPATH.
	at org.datanucleus.ClassLoaderResolverImpl.classForName(ClassLoaderResolverImpl.java:213)
	at org.datanucleus.ClassLoaderResolverImpl.classForName(ClassLoaderResolverImpl.java:372)
	at org.datanucleus.metadata.MetaDataManagerImpl.loadPersistenceUnit(MetaDataManagerImpl.java:1116)
	at org.datanucleus.enhancer.DataNucleusEnhancer.getFileMetadataForInput(DataNucleusEnhancer.java:782)
	at org.datanucleus.enhancer.DataNucleusEnhancer.enhance(DataNucleusEnhancer.java:500)
	at org.datanucleus.enhancer.DataNucleusEnhancer.main(DataNucleusEnhancer.java:1152)
	at sun.reflect.NativeMethodAccessorImpl.invoke0(Native Method)
	at sun.reflect.NativeMethodAccessorImpl.invoke(NativeMethodAccessorImpl.java:62)
	at sun.reflect.DelegatingMethodAccessorImpl.invoke(DelegatingMethodAccessorImpl.java:43)
	at java.lang.reflect.Method.invoke(Method.java:497)
	at org.datanucleus.maven.AbstractDataNucleusMojo.executeInJvm(AbstractDataNucleusMojo.java:331)
	at org.datanucleus.maven.AbstractEnhancerMojo.enhance(AbstractEnhancerMojo.java:281)
	at org.datanucleus.maven.AbstractEnhancerMojo.executeDataNucleusTool(AbstractEnhancerMojo.java:81)
	at org.datanucleus.maven.AbstractDataNucleusMojo.execute(AbstractDataNucleusMojo.java:125)
	at org.apache.maven.plugin.DefaultBuildPluginManager.executeMojo(DefaultBuildPluginManager.java:134)
	at org.apache.maven.lifecycle.internal.MojoExecutor.execute(MojoExecutor.java:207)
	at org.apache.maven.lifecycle.internal.MojoExecutor.execute(MojoExecutor.java:153)
	at org.apache.maven.lifecycle.internal.MojoExecutor.execute(MojoExecutor.java:145)
	at org.apache.maven.lifecycle.internal.LifecycleModuleBuilder.buildProject(LifecycleModuleBuilder.java:116)
	at org.apache.maven.lifecycle.internal.LifecycleModuleBuilder.buildProject(LifecycleModuleBuilder.java:80)
	at org.apache.maven.lifecycle.internal.builder.singlethreaded.SingleThreadedBuilder.build(SingleThreadedBuilder.java:51)
	at org.apache.maven.lifecycle.internal.LifecycleStarter.execute(LifecycleStarter.java:128)
	at org.apache.maven.DefaultMaven.doExecute(DefaultMaven.java:307)
	at org.apache.maven.DefaultMaven.doExecute(DefaultMaven.java:193)
	at org.apache.maven.DefaultMaven.execute(DefaultMaven.java:106)
	at org.apache.maven.cli.MavenCli.execute(MavenCli.java:863)
	at org.apache.maven.cli.MavenCli.doMain(MavenCli.java:288)
	at org.apache.maven.cli.MavenCli.main(MavenCli.java:199)
	at sun.reflect.NativeMethodAccessorImpl.invoke0(Native Method)
	at sun.reflect.NativeMethodAccessorImpl.invoke(NativeMethodAccessorImpl.java:62)
	at sun.reflect.DelegatingMethodAccessorImpl.invoke(DelegatingMethodAccessorImpl.java:43)
	at java.lang.reflect.Method.invoke(Method.java:497)
	at org.codehaus.plexus.classworlds.launcher.Launcher.launchEnhanced(Launcher.java:289)
	at org.codehaus.plexus.classworlds.launcher.Launcher.launch(Launcher.java:229)
	at org.codehaus.plexus.classworlds.launcher.Launcher.mainWithExitCode(Launcher.java:415)
	at org.codehaus.plexus.classworlds.launcher.Launcher.main(Launcher.java:356)

08:28:50,636 (main) ERROR [DataNucleus.MetaData] - Class "org.datanucleus.scala.test.option.OptionQuerySpec" was not found in the CLASSPATH. Please check your specification and your CLASSPATH.
org.datanucleus.exceptions.ClassNotResolvedException: Class "org.datanucleus.scala.test.option.OptionQuerySpec" was not found in the CLASSPATH. Please check your specification and your CLASSPATH.
	at org.datanucleus.ClassLoaderResolverImpl.classForName(ClassLoaderResolverImpl.java:213)
	at org.datanucleus.ClassLoaderResolverImpl.classForName(ClassLoaderResolverImpl.java:372)
	at org.datanucleus.metadata.MetaDataManagerImpl.loadPersistenceUnit(MetaDataManagerImpl.java:1116)
	at org.datanucleus.enhancer.DataNucleusEnhancer.getFileMetadataForInput(DataNucleusEnhancer.java:782)
	at org.datanucleus.enhancer.DataNucleusEnhancer.enhance(DataNucleusEnhancer.java:500)
	at org.datanucleus.enhancer.DataNucleusEnhancer.main(DataNucleusEnhancer.java:1152)
	at sun.reflect.NativeMethodAccessorImpl.invoke0(Native Method)
	at sun.reflect.NativeMethodAccessorImpl.invoke(NativeMethodAccessorImpl.java:62)
	at sun.reflect.DelegatingMethodAccessorImpl.invoke(DelegatingMethodAccessorImpl.java:43)
	at java.lang.reflect.Method.invoke(Method.java:497)
	at org.datanucleus.maven.AbstractDataNucleusMojo.executeInJvm(AbstractDataNucleusMojo.java:331)
	at org.datanucleus.maven.AbstractEnhancerMojo.enhance(AbstractEnhancerMojo.java:281)
	at org.datanucleus.maven.AbstractEnhancerMojo.executeDataNucleusTool(AbstractEnhancerMojo.java:81)
	at org.datanucleus.maven.AbstractDataNucleusMojo.execute(AbstractDataNucleusMojo.java:125)
	at org.apache.maven.plugin.DefaultBuildPluginManager.executeMojo(DefaultBuildPluginManager.java:134)
	at org.apache.maven.lifecycle.internal.MojoExecutor.execute(MojoExecutor.java:207)
	at org.apache.maven.lifecycle.internal.MojoExecutor.execute(MojoExecutor.java:153)
	at org.apache.maven.lifecycle.internal.MojoExecutor.execute(MojoExecutor.java:145)
	at org.apache.maven.lifecycle.internal.LifecycleModuleBuilder.buildProject(LifecycleModuleBuilder.java:116)
	at org.apache.maven.lifecycle.internal.LifecycleModuleBuilder.buildProject(LifecycleModuleBuilder.java:80)
	at org.apache.maven.lifecycle.internal.builder.singlethreaded.SingleThreadedBuilder.build(SingleThreadedBuilder.java:51)
	at org.apache.maven.lifecycle.internal.LifecycleStarter.execute(LifecycleStarter.java:128)
	at org.apache.maven.DefaultMaven.doExecute(DefaultMaven.java:307)
	at org.apache.maven.DefaultMaven.doExecute(DefaultMaven.java:193)
	at org.apache.maven.DefaultMaven.execute(DefaultMaven.java:106)
	at org.apache.maven.cli.MavenCli.execute(MavenCli.java:863)
	at org.apache.maven.cli.MavenCli.doMain(MavenCli.java:288)
	at org.apache.maven.cli.MavenCli.main(MavenCli.java:199)
	at sun.reflect.NativeMethodAccessorImpl.invoke0(Native Method)
	at sun.reflect.NativeMethodAccessorImpl.invoke(NativeMethodAccessorImpl.java:62)
	at sun.reflect.DelegatingMethodAccessorImpl.invoke(DelegatingMethodAccessorImpl.java:43)
	at java.lang.reflect.Method.invoke(Method.java:497)
	at org.codehaus.plexus.classworlds.launcher.Launcher.launchEnhanced(Launcher.java:289)
	at org.codehaus.plexus.classworlds.launcher.Launcher.launch(Launcher.java:229)
	at org.codehaus.plexus.classworlds.launcher.Launcher.mainWithExitCode(Launcher.java:415)
	at org.codehaus.plexus.classworlds.launcher.Launcher.main(Launcher.java:356)

08:28:50,964 (main) INFO  [DataNucleus.Enhancer] - Writing class file "/home/rgarcia/git/datanucleus-scala/target/test-classes/org/datanucleus/samples/scala/test/SimplePerson.class" with enhanced definition
08:28:50,964 (main) INFO  [DataNucleus.Enhancer] - ENHANCED (Persistable) : org.datanucleus.samples.scala.test.SimplePerson
08:28:50,967 (main) INFO  [DataNucleus.Enhancer] - Writing class file "/home/rgarcia/git/datanucleus-scala/target/test-classes/org/datanucleus/samples/scala/test/Task.class" with enhanced definition
08:28:50,968 (main) INFO  [DataNucleus.Enhancer] - ENHANCED (Persistable) : org.datanucleus.samples.scala.test.Task
08:28:50,970 (main) INFO  [DataNucleus.Enhancer] - Writing class file "/home/rgarcia/git/datanucleus-scala/target/test-classes/org/datanucleus/samples/scala/test/bidirectional/option_owner_side/Departament.class" with enhanced definition
08:28:50,970 (main) INFO  [DataNucleus.Enhancer] - ENHANCED (Persistable) : org.datanucleus.samples.scala.test.bidirectional.option_owner_side.Departament
08:28:50,972 (main) INFO  [DataNucleus.Enhancer] - Writing class file "/home/rgarcia/git/datanucleus-scala/target/test-classes/org/datanucleus/samples/scala/test/LocalDateHolder.class" with enhanced definition
08:28:50,972 (main) INFO  [DataNucleus.Enhancer] - ENHANCED (Persistable) : org.datanucleus.samples.scala.test.LocalDateHolder
08:28:50,977 (main) INFO  [DataNucleus.Enhancer] - Writing class file "/home/rgarcia/git/datanucleus-scala/target/test-classes/org/datanucleus/samples/scala/test/Person.class" with enhanced definition
08:28:50,977 (main) INFO  [DataNucleus.Enhancer] - ENHANCED (Persistable) : org.datanucleus.samples.scala.test.Person
08:28:50,979 (main) INFO  [DataNucleus.Enhancer] - Writing class file "/home/rgarcia/git/datanucleus-scala/target/test-classes/org/datanucleus/samples/scala/test/bidirectional/option_mapped_side/Bank.class" with enhanced definition
08:28:50,979 (main) INFO  [DataNucleus.Enhancer] - ENHANCED (Persistable) : org.datanucleus.samples.scala.test.bidirectional.option_mapped_side.Bank
08:28:50,981 (main) INFO  [DataNucleus.Enhancer] - Writing class file "/home/rgarcia/git/datanucleus-scala/target/test-classes/org/datanucleus/samples/scala/test/regular/MyDepartment.class" with enhanced definition
08:28:50,981 (main) INFO  [DataNucleus.Enhancer] - ENHANCED (Persistable) : org.datanucleus.samples.scala.test.regular.MyDepartment
08:28:50,984 (main) INFO  [DataNucleus.Enhancer] - Writing class file "/home/rgarcia/git/datanucleus-scala/target/test-classes/org/datanucleus/samples/scala/test/bidirectional/option_both_sides/Account.class" with enhanced definition
08:28:50,985 (main) INFO  [DataNucleus.Enhancer] - ENHANCED (Persistable) : org.datanucleus.samples.scala.test.bidirectional.option_both_sides.Account
08:28:50,986 (main) INFO  [DataNucleus.Enhancer] - Writing class file "/home/rgarcia/git/datanucleus-scala/target/test-classes/org/datanucleus/samples/scala/test/EmbeddedSimplePersonHolder.class" with enhanced definition
08:28:50,987 (main) INFO  [DataNucleus.Enhancer] - ENHANCED (Persistable) : org.datanucleus.samples.scala.test.EmbeddedSimplePersonHolder
08:28:50,989 (main) INFO  [DataNucleus.Enhancer] - Writing class file "/home/rgarcia/git/datanucleus-scala/target/test-classes/org/datanucleus/samples/scala/test/regular/MyPet.class" with enhanced definition
08:28:50,989 (main) INFO  [DataNucleus.Enhancer] - ENHANCED (Persistable) : org.datanucleus.samples.scala.test.regular.MyPet
08:28:50,991 (main) INFO  [DataNucleus.Enhancer] - Writing class file "/home/rgarcia/git/datanucleus-scala/target/test-classes/org/datanucleus/samples/scala/test/EmailAddressJoinListHolder.class" with enhanced definition
08:28:50,991 (main) INFO  [DataNucleus.Enhancer] - ENHANCED (Persistable) : org.datanucleus.samples.scala.test.EmailAddressJoinListHolder
08:28:50,993 (main) INFO  [DataNucleus.Enhancer] - Writing class file "/home/rgarcia/git/datanucleus-scala/target/test-classes/org/datanucleus/samples/scala/test/EmbeddedPersonHolder.class" with enhanced definition
08:28:50,993 (main) INFO  [DataNucleus.Enhancer] - ENHANCED (Persistable) : org.datanucleus.samples.scala.test.EmbeddedPersonHolder
08:28:50,994 (main) INFO  [DataNucleus.Enhancer] - Writing class file "/home/rgarcia/git/datanucleus-scala/target/test-classes/org/datanucleus/samples/scala/test/regular/MyBank.class" with enhanced definition
08:28:50,995 (main) INFO  [DataNucleus.Enhancer] - ENHANCED (Persistable) : org.datanucleus.samples.scala.test.regular.MyBank
08:28:50,998 (main) INFO  [DataNucleus.Enhancer] - Writing class file "/home/rgarcia/git/datanucleus-scala/target/test-classes/org/datanucleus/samples/scala/test/regular/MyAccount.class" with enhanced definition
08:28:50,998 (main) INFO  [DataNucleus.Enhancer] - ENHANCED (Persistable) : org.datanucleus.samples.scala.test.regular.MyAccount
08:28:51,001 (main) INFO  [DataNucleus.Enhancer] - Writing class file "/home/rgarcia/git/datanucleus-scala/target/test-classes/org/datanucleus/samples/scala/test/Address.class" with enhanced definition
08:28:51,001 (main) INFO  [DataNucleus.Enhancer] - ENHANCED (Persistable) : org.datanucleus.samples.scala.test.Address
08:28:51,006 (main) INFO  [DataNucleus.Enhancer] - Writing class file "/home/rgarcia/git/datanucleus-scala/target/test-classes/org/datanucleus/samples/scala/test/bidirectional/option_both_sides/User.class" with enhanced definition
08:28:51,006 (main) INFO  [DataNucleus.Enhancer] - ENHANCED (Persistable) : org.datanucleus.samples.scala.test.bidirectional.option_both_sides.User
08:28:51,008 (main) INFO  [DataNucleus.Enhancer] - Writing class file "/home/rgarcia/git/datanucleus-scala/target/test-classes/org/datanucleus/samples/scala/test/EmailAddressHolder.class" with enhanced definition
08:28:51,008 (main) INFO  [DataNucleus.Enhancer] - ENHANCED (Persistable) : org.datanucleus.samples.scala.test.EmailAddressHolder
08:28:51,010 (main) INFO  [DataNucleus.Enhancer] - Writing class file "/home/rgarcia/git/datanucleus-scala/target/test-classes/org/datanucleus/samples/scala/test/regular/MyPerson.class" with enhanced definition
08:28:51,010 (main) INFO  [DataNucleus.Enhancer] - ENHANCED (Persistable) : org.datanucleus.samples.scala.test.regular.MyPerson
08:28:51,013 (main) INFO  [DataNucleus.Enhancer] - Writing class file "/home/rgarcia/git/datanucleus-scala/target/test-classes/org/datanucleus/samples/scala/test/regular/MyUser.class" with enhanced definition
08:28:51,013 (main) INFO  [DataNucleus.Enhancer] - ENHANCED (Persistable) : org.datanucleus.samples.scala.test.regular.MyUser
08:28:51,015 (main) INFO  [DataNucleus.Enhancer] - Writing class file "/home/rgarcia/git/datanucleus-scala/target/test-classes/org/datanucleus/samples/scala/test/bidirectional/option_owner_side/Company.class" with enhanced definition
08:28:51,015 (main) INFO  [DataNucleus.Enhancer] - ENHANCED (Persistable) : org.datanucleus.samples.scala.test.bidirectional.option_owner_side.Company
08:28:51,017 (main) INFO  [DataNucleus.Enhancer] - Writing class file "/home/rgarcia/git/datanucleus-scala/target/test-classes/org/datanucleus/samples/scala/test/bidirectional/option_mapped_side/Customer.class" with enhanced definition
08:28:51,017 (main) INFO  [DataNucleus.Enhancer] - ENHANCED (Persistable) : org.datanucleus.samples.scala.test.bidirectional.option_mapped_side.Customer
08:28:51,019 (main) INFO  [DataNucleus.Enhancer] - Writing class file "/home/rgarcia/git/datanucleus-scala/target/test-classes/org/datanucleus/samples/scala/test/bidirectional/option_mapped_side/Person.class" with enhanced definition
08:28:51,019 (main) INFO  [DataNucleus.Enhancer] - ENHANCED (Persistable) : org.datanucleus.samples.scala.test.bidirectional.option_mapped_side.Person
08:28:51,022 (main) INFO  [DataNucleus.Enhancer] - Writing class file "/home/rgarcia/git/datanucleus-scala/target/test-classes/org/datanucleus/samples/scala/test/OptionAddressDependentHolder.class" with enhanced definition
08:28:51,022 (main) INFO  [DataNucleus.Enhancer] - ENHANCED (Persistable) : org.datanucleus.samples.scala.test.OptionAddressDependentHolder
08:28:51,023 (main) INFO  [DataNucleus.Enhancer] - Writing class file "/home/rgarcia/git/datanucleus-scala/target/test-classes/org/datanucleus/samples/scala/test/bidirectional/option_mapped_side/Pet.class" with enhanced definition
08:28:51,024 (main) INFO  [DataNucleus.Enhancer] - ENHANCED (Persistable) : org.datanucleus.samples.scala.test.bidirectional.option_mapped_side.Pet
08:28:51,025 (main) INFO  [DataNucleus.Enhancer] - Writing class file "/home/rgarcia/git/datanucleus-scala/target/test-classes/org/datanucleus/samples/scala/test/OptionAddressDFGHolder.class" with enhanced definition
08:28:51,025 (main) INFO  [DataNucleus.Enhancer] - ENHANCED (Persistable) : org.datanucleus.samples.scala.test.OptionAddressDFGHolder
08:28:51,026 (main) INFO  [DataNucleus.Enhancer] - Writing class file "/home/rgarcia/git/datanucleus-scala/target/test-classes/org/datanucleus/samples/scala/test/regular/MyCompany.class" with enhanced definition
08:28:51,026 (main) INFO  [DataNucleus.Enhancer] - ENHANCED (Persistable) : org.datanucleus.samples.scala.test.regular.MyCompany
08:28:51,028 (main) INFO  [DataNucleus.Enhancer] - Writing class file "/home/rgarcia/git/datanucleus-scala/target/test-classes/org/datanucleus/samples/scala/test/BooleanHolder.class" with enhanced definition
08:28:51,028 (main) INFO  [DataNucleus.Enhancer] - ENHANCED (Persistable) : org.datanucleus.samples.scala.test.BooleanHolder
08:28:51,030 (main) INFO  [DataNucleus.Enhancer] - Writing class file "/home/rgarcia/git/datanucleus-scala/target/test-classes/org/datanucleus/samples/scala/test/regular/MyCustomer.class" with enhanced definition
08:28:51,030 (main) INFO  [DataNucleus.Enhancer] - ENHANCED (Persistable) : org.datanucleus.samples.scala.test.regular.MyCustomer
08:28:51,031 (main) INFO  [DataNucleus.Enhancer] - Writing class file "/home/rgarcia/git/datanucleus-scala/target/test-classes/org/datanucleus/samples/scala/test/regular/StringContainerHolder.class" with enhanced definition
08:28:51,032 (main) INFO  [DataNucleus.Enhancer] - ENHANCED (Persistable) : org.datanucleus.samples.scala.test.regular.StringContainerHolder
08:28:51,032 (main) INFO  [DataNucleus.Enhancer] - DataNucleus Enhancer completed with success for 29 classes. Timings : input=510 ms, enhance=104 ms, total=614 ms. Consult the log for full details
08:28:52,454 (ScalaTest-main-running-OptionBidirectionalSpec) INFO  [DataNucleus.JDO] - Exception thrown
Object "org.datanucleus.samples.scala.test.bidirectional.option_both_sides.User@2ece4966" has field "org.datanucleus.samples.scala.test.bidirectional.option_both_sides.User.account" with a 1-1 bidirectional relation set to relate to "org.datanucleus.samples.scala.test.bidirectional.option_both_sides.Account@1dd0e7c4" but this object relates back to a different object "org.datanucleus.samples.scala.test.bidirectional.option_both_sides.User@7894f09b"!
org.datanucleus.exceptions.NucleusUserException: Object "org.datanucleus.samples.scala.test.bidirectional.option_both_sides.User@2ece4966" has field "org.datanucleus.samples.scala.test.bidirectional.option_both_sides.User.account" with a 1-1 bidirectional relation set to relate to "org.datanucleus.samples.scala.test.bidirectional.option_both_sides.Account@1dd0e7c4" but this object relates back to a different object "org.datanucleus.samples.scala.test.bidirectional.option_both_sides.User@7894f09b"!
	at org.datanucleus.store.rdbms.mapping.java.PersistableMapping.postInsert(PersistableMapping.java:801)
	at org.datanucleus.store.rdbms.mapping.java.SingleCollectionMapping.postInsert(SingleCollectionMapping.java:154)
	at org.datanucleus.store.rdbms.request.InsertRequest.execute(InsertRequest.java:522)
	at org.datanucleus.store.rdbms.RDBMSPersistenceHandler.insertObjectInTable(RDBMSPersistenceHandler.java:162)
	at org.datanucleus.store.rdbms.RDBMSPersistenceHandler.insertObject(RDBMSPersistenceHandler.java:138)
	at org.datanucleus.state.StateManagerImpl.internalMakePersistent(StateManagerImpl.java:3363)
	at org.datanucleus.state.StateManagerImpl.flush(StateManagerImpl.java:4518)
	at org.datanucleus.state.StateManagerImpl.getExternalObjectId(StateManagerImpl.java:2491)
	at org.datanucleus.state.StateManagerImpl.getObjectId(StateManagerImpl.java:2387)
	at org.datanucleus.samples.scala.test.bidirectional.option_both_sides.User.dnGetObjectId(User.scala)
	at org.datanucleus.api.jdo.JDOPersistenceManager.getObjectId(JDOPersistenceManager.java:1839)
	at org.datanucleus.scala.test.BaseSpec$$anonfun$2.apply(BaseSpec.scala:76)
	at org.datanucleus.scala.test.BaseSpec.transactional(BaseSpec.scala:60)
	at org.datanucleus.scala.test.BaseSpec.persist(BaseSpec.scala:74)
	at org.datanucleus.scala.test.option.OptionBidirectionalSpec$$anonfun$1$$anonfun$apply$mcV$sp$1$$anonfun$apply$mcV$sp$2$$anonfun$2.apply$mcV$sp(OptionBidirectionalSpec.scala:24)
	at org.datanucleus.scala.test.option.OptionBidirectionalSpec$$anonfun$1$$anonfun$apply$mcV$sp$1$$anonfun$apply$mcV$sp$2$$anonfun$2.apply(OptionBidirectionalSpec.scala:23)
	at org.datanucleus.scala.test.option.OptionBidirectionalSpec$$anonfun$1$$anonfun$apply$mcV$sp$1$$anonfun$apply$mcV$sp$2$$anonfun$2.apply(OptionBidirectionalSpec.scala:23)
	at org.scalatest.Assertions$class.intercept(Assertions.scala:997)
	at org.scalatest.FreeSpec.intercept(FreeSpec.scala:1740)
	at org.datanucleus.scala.test.option.OptionBidirectionalSpec$$anonfun$1$$anonfun$apply$mcV$sp$1$$anonfun$apply$mcV$sp$2.apply$mcV$sp(OptionBidirectionalSpec.scala:23)
	at org.datanucleus.scala.test.option.OptionBidirectionalSpec$$anonfun$1$$anonfun$apply$mcV$sp$1$$anonfun$apply$mcV$sp$2.apply(OptionBidirectionalSpec.scala:14)
	at org.datanucleus.scala.test.option.OptionBidirectionalSpec$$anonfun$1$$anonfun$apply$mcV$sp$1$$anonfun$apply$mcV$sp$2.apply(OptionBidirectionalSpec.scala:14)
	at org.scalatest.Transformer$$anonfun$apply$1.apply$mcV$sp(Transformer.scala:22)
	at org.scalatest.OutcomeOf$class.outcomeOf(OutcomeOf.scala:85)
	at org.scalatest.OutcomeOf$.outcomeOf(OutcomeOf.scala:104)
	at org.scalatest.Transformer.apply(Transformer.scala:22)
	at org.scalatest.Transformer.apply(Transformer.scala:20)
	at org.scalatest.FreeSpecLike$$anon$1.apply(FreeSpecLike.scala:373)
	at org.scalatest.Suite$class.withFixture(Suite.scala:1122)
	at org.scalatest.FreeSpec.withFixture(FreeSpec.scala:1740)
	at org.scalatest.FreeSpecLike$class.invokeWithFixture$1(FreeSpecLike.scala:370)
	at org.scalatest.FreeSpecLike$$anonfun$runTest$1.apply(FreeSpecLike.scala:382)
	at org.scalatest.FreeSpecLike$$anonfun$runTest$1.apply(FreeSpecLike.scala:382)
	at org.scalatest.SuperEngine.runTestImpl(Engine.scala:306)
	at org.scalatest.FreeSpecLike$class.runTest(FreeSpecLike.scala:382)
	at org.datanucleus.scala.test.BaseSpec.org$scalatest$BeforeAndAfterEach$$super$runTest(BaseSpec.scala:20)
	at org.scalatest.BeforeAndAfterEach$class.runTest(BeforeAndAfterEach.scala:255)
	at org.datanucleus.scala.test.BaseSpec.runTest(BaseSpec.scala:20)
	at org.scalatest.FreeSpecLike$$anonfun$runTests$1.apply(FreeSpecLike.scala:441)
	at org.scalatest.FreeSpecLike$$anonfun$runTests$1.apply(FreeSpecLike.scala:441)
	at org.scalatest.SuperEngine$$anonfun$traverseSubNodes$1$1.apply(Engine.scala:413)
	at org.scalatest.SuperEngine$$anonfun$traverseSubNodes$1$1.apply(Engine.scala:401)
	at scala.collection.immutable.List.foreach(List.scala:381)
	at org.scalatest.SuperEngine.traverseSubNodes$1(Engine.scala:401)
	at org.scalatest.SuperEngine.org$scalatest$SuperEngine$$runTestsInBranch(Engine.scala:390)
	at org.scalatest.SuperEngine$$anonfun$traverseSubNodes$1$1.apply(Engine.scala:427)
	at org.scalatest.SuperEngine$$anonfun$traverseSubNodes$1$1.apply(Engine.scala:401)
	at scala.collection.immutable.List.foreach(List.scala:381)
	at org.scalatest.SuperEngine.traverseSubNodes$1(Engine.scala:401)
	at org.scalatest.SuperEngine.org$scalatest$SuperEngine$$runTestsInBranch(Engine.scala:390)
	at org.scalatest.SuperEngine$$anonfun$traverseSubNodes$1$1.apply(Engine.scala:427)
	at org.scalatest.SuperEngine$$anonfun$traverseSubNodes$1$1.apply(Engine.scala:401)
	at scala.collection.immutable.List.foreach(List.scala:381)
	at org.scalatest.SuperEngine.traverseSubNodes$1(Engine.scala:401)
	at org.scalatest.SuperEngine.org$scalatest$SuperEngine$$runTestsInBranch(Engine.scala:396)
	at org.scalatest.SuperEngine.runTestsImpl(Engine.scala:483)
	at org.scalatest.FreeSpecLike$class.runTests(FreeSpecLike.scala:441)
	at org.scalatest.FreeSpec.runTests(FreeSpec.scala:1740)
	at org.scalatest.Suite$class.run(Suite.scala:1424)
	at org.scalatest.FreeSpec.org$scalatest$FreeSpecLike$$super$run(FreeSpec.scala:1740)
	at org.scalatest.FreeSpecLike$$anonfun$run$1.apply(FreeSpecLike.scala:486)
	at org.scalatest.FreeSpecLike$$anonfun$run$1.apply(FreeSpecLike.scala:486)
	at org.scalatest.SuperEngine.runImpl(Engine.scala:545)
	at org.scalatest.FreeSpecLike$class.run(FreeSpecLike.scala:486)
	at org.scalatest.FreeSpec.run(FreeSpec.scala:1740)
	at org.scalatest.Suite$class.callExecuteOnSuite$1(Suite.scala:1492)
	at org.scalatest.Suite$$anonfun$runNestedSuites$1.apply(Suite.scala:1528)
	at org.scalatest.Suite$$anonfun$runNestedSuites$1.apply(Suite.scala:1526)
	at scala.collection.IndexedSeqOptimized$class.foreach(IndexedSeqOptimized.scala:33)
	at scala.collection.mutable.ArrayOps$ofRef.foreach(ArrayOps.scala:186)
	at org.scalatest.Suite$class.runNestedSuites(Suite.scala:1526)
	at org.scalatest.tools.DiscoverySuite.runNestedSuites(DiscoverySuite.scala:29)
	at org.scalatest.Suite$class.run(Suite.scala:1421)
	at org.scalatest.tools.DiscoverySuite.run(DiscoverySuite.scala:29)
	at org.scalatest.tools.SuiteRunner.run(SuiteRunner.scala:55)
	at org.scalatest.tools.Runner$$anonfun$doRunRunRunDaDoRunRun$3.apply(Runner.scala:2563)
	at org.scalatest.tools.Runner$$anonfun$doRunRunRunDaDoRunRun$3.apply(Runner.scala:2557)
	at scala.collection.immutable.List.foreach(List.scala:381)
	at org.scalatest.tools.Runner$.doRunRunRunDaDoRunRun(Runner.scala:2557)
	at org.scalatest.tools.Runner$$anonfun$runOptionallyWithPassFailReporter$2.apply(Runner.scala:1044)
	at org.scalatest.tools.Runner$$anonfun$runOptionallyWithPassFailReporter$2.apply(Runner.scala:1043)
	at org.scalatest.tools.Runner$.withClassLoaderAndDispatchReporter(Runner.scala:2722)
	at org.scalatest.tools.Runner$.runOptionallyWithPassFailReporter(Runner.scala:1043)
	at org.scalatest.tools.Runner$.main(Runner.scala:860)
	at org.scalatest.tools.Runner.main(Runner.scala)
08:28:53,471 (ScalaTest-main-running-OptionQuerySpec) INFO  [DataNucleus.General] - Query compiled but not precompilable so ditching datastore compilation
08:28:53,620 (ScalaTest-main-running-OptionSpec) WARN  [DataNucleus.Datastore.Persist] - Delete of org.datanucleus.samples.scala.test.OptionAddressDependentHolder@50756c76 needs delete of related object at org.datanucleus.samples.scala.test.OptionAddressDependentHolder.addressDependent but cannot delete it direct since FK is here
08:28:53,624 (ScalaTest-main-running-OptionSpec) INFO  [DataNucleus.Datastore.Retrieve] - Object with id "45" not found !
08:28:53,642 (ScalaTest-main-running-OptionSpec) WARN  [DataNucleus.Datastore.Persist] - Insert of object "org.datanucleus.samples.scala.test.Person@665522c2" using statement "INSERT INTO PERSON (ADDRESS_ID_OID,BILLINGADDRESS_ID_OID,"NAME",OTHERADDRESS_ID_OID,SURNAME) VALUES (?,?,?,?,?)" failed : NULL not allowed for column "ADDRESS_ID_OID"; SQL statement:
INSERT INTO PERSON (ADDRESS_ID_OID,BILLINGADDRESS_ID_OID,"NAME",OTHERADDRESS_ID_OID,SURNAME) VALUES (?,?,?,?,?) [23502-172]
08:28:53,646 (ScalaTest-main-running-OptionSpec) WARN  [DataNucleus.Datastore.Persist] - Insert of object "org.datanucleus.samples.scala.test.Person@2123064f" using statement "INSERT INTO PERSON (ADDRESS_ID_OID,BILLINGADDRESS_ID_OID,"NAME",OTHERADDRESS_ID_OID,SURNAME) VALUES (?,?,?,?,?)" failed : NULL not allowed for column "NAME"; SQL statement:
INSERT INTO PERSON (ADDRESS_ID_OID,BILLINGADDRESS_ID_OID,"NAME",OTHERADDRESS_ID_OID,SURNAME) VALUES (?,?,?,?,?) [23502-172]
